TN:
SF:src/config/multer.ts
FN:14,(anonymous_0)
FN:17,(anonymous_1)
FN:29,(anonymous_2)
FNF:3
FNH:3
FNDA:6,(anonymous_0)
FNDA:6,(anonymous_1)
FNDA:7,(anonymous_2)
DA:6,5
DA:7,5
DA:9,5
DA:11,5
DA:13,5
DA:15,6
DA:18,6
DA:19,6
DA:20,6
DA:24,5
DA:30,7
DA:31,7
DA:32,6
DA:34,1
LF:14
LH:14
BRDA:31,0,0,6
BRDA:31,0,1,1
BRF:2
BRH:2
end_of_record
TN:
SF:src/controllers/authController.ts
FN:14,getDb
FN:18,getDbAsync
FN:21,(anonymous_2)
FN:22,(anonymous_3)
FN:31,runDbAsync
FN:34,(anonymous_5)
FN:35,(anonymous_6)
FN:44,register
FN:114,login
FN:162,refreshToken
FN:196,requestPasswordReset
FN:240,resetPassword
FNF:12
FNH:12
FNDA:146,getDb
FNDA:102,getDbAsync
FNDA:102,(anonymous_2)
FNDA:102,(anonymous_3)
FNDA:44,runDbAsync
FNDA:44,(anonymous_5)
FNDA:44,(anonymous_6)
FNDA:40,register
FNDA:18,login
FNDA:10,refreshToken
FNDA:13,requestPasswordReset
FNDA:12,resetPassword
DA:15,146
DA:19,102
DA:20,102
DA:21,102
DA:22,102
DA:23,102
DA:24,102
DA:28,0
DA:32,44
DA:33,44
DA:34,44
DA:35,44
DA:36,44
DA:37,44
DA:41,0
DA:45,40
DA:46,40
DA:48,40
DA:49,3
DA:54,37
DA:55,1
DA:58,36
DA:59,36
DA:60,5
DA:73,31
DA:78,31
DA:79,2
DA:82,29
DA:84,29
DA:90,29
DA:95,29
DA:96,0
DA:99,29
DA:100,29
DA:102,29
DA:109,0
DA:110,0
DA:115,18
DA:116,18
DA:118,18
DA:119,2
DA:124,16
DA:129,16
DA:130,2
DA:133,14
DA:135,14
DA:136,3
DA:139,11
DA:140,11
DA:142,11
DA:150,11
DA:157,0
DA:158,0
DA:163,10
DA:164,10
DA:166,10
DA:167,1
DA:170,9
DA:171,9
DA:172,2
DA:175,7
DA:180,7
DA:181,0
DA:184,7
DA:186,7
DA:191,0
DA:192,0
DA:197,13
DA:198,13
DA:200,13
DA:201,1
DA:204,12
DA:205,1
DA:208,11
DA:213,11
DA:214,1
DA:217,10
DA:219,10
DA:224,10
DA:225,10
DA:226,10
DA:228,10
DA:231,10
DA:235,0
DA:236,0
DA:241,12
DA:242,12
DA:244,12
DA:245,2
DA:248,10
DA:249,1
DA:252,9
DA:253,9
DA:254,1
DA:267,8
DA:272,8
DA:273,2
DA:276,6
DA:277,1
DA:280,5
DA:282,5
DA:287,5
DA:291,0
DA:292,0
LF:104
LH:90
BRDA:20,0,0,102
BRDA:20,0,1,0
BRDA:23,1,0,0
BRDA:23,1,1,102
BRDA:33,2,0,44
BRDA:33,2,1,0
BRDA:36,3,0,0
BRDA:36,3,1,44
BRDA:48,4,0,3
BRDA:48,4,1,37
BRDA:48,5,0,40
BRDA:48,5,1,39
BRDA:48,5,2,38
BRDA:54,6,0,1
BRDA:54,6,1,36
BRDA:59,7,0,5
BRDA:59,7,1,31
BRDA:78,8,0,2
BRDA:78,8,1,29
BRDA:95,9,0,0
BRDA:95,9,1,29
BRDA:118,10,0,2
BRDA:118,10,1,16
BRDA:118,11,0,18
BRDA:118,11,1,17
BRDA:129,12,0,2
BRDA:129,12,1,14
BRDA:133,13,0,14
BRDA:133,13,1,0
BRDA:135,14,0,3
BRDA:135,14,1,11
BRDA:166,15,0,1
BRDA:166,15,1,9
BRDA:171,16,0,2
BRDA:171,16,1,7
BRDA:180,17,0,0
BRDA:180,17,1,7
BRDA:200,18,0,1
BRDA:200,18,1,12
BRDA:204,19,0,1
BRDA:204,19,1,11
BRDA:213,20,0,1
BRDA:213,20,1,10
BRDA:225,21,0,10
BRDA:225,21,1,10
BRDA:244,22,0,2
BRDA:244,22,1,10
BRDA:244,23,0,12
BRDA:244,23,1,11
BRDA:248,24,0,1
BRDA:248,24,1,9
BRDA:253,25,0,1
BRDA:253,25,1,8
BRDA:272,26,0,2
BRDA:272,26,1,6
BRDA:276,27,0,1
BRDA:276,27,1,5
BRDA:276,28,0,6
BRDA:276,28,1,6
BRF:59
BRH:52
end_of_record
TN:
SF:src/controllers/avatarController.ts
FN:10,getDb
FN:14,getDbAsync
FN:17,(anonymous_2)
FN:18,(anonymous_3)
FN:29,runDbAsync
FN:32,(anonymous_5)
FN:33,(anonymous_6)
FN:44,uploadAvatar
FN:103,deleteAvatar
FNF:9
FNH:9
FNDA:25,getDb
FNDA:17,getDbAsync
FNDA:17,(anonymous_2)
FNDA:17,(anonymous_3)
FNDA:8,runDbAsync
FNDA:8,(anonymous_5)
FNDA:8,(anonymous_6)
FNDA:7,uploadAvatar
FNDA:3,deleteAvatar
DA:11,25
DA:15,17
DA:16,17
DA:17,17
DA:18,17
DA:19,17
DA:20,17
DA:26,0
DA:30,8
DA:31,8
DA:32,8
DA:33,8
DA:34,8
DA:35,8
DA:41,0
DA:45,7
DA:46,7
DA:48,7
DA:49,1
DA:52,6
DA:53,6
DA:54,0
DA:55,0
DA:57,0
DA:60,6
DA:65,6
DA:66,0
DA:67,0
DA:70,6
DA:71,3
DA:74,6
DA:75,6
DA:77,6
DA:82,6
DA:87,6
DA:95,0
DA:96,0
DA:98,0
DA:99,0
DA:104,3
DA:105,3
DA:107,3
DA:112,3
DA:113,0
DA:116,3
DA:117,1
DA:120,2
DA:122,2
DA:127,2
DA:132,2
DA:137,0
DA:138,0
LF:52
LH:38
BRDA:16,0,0,17
BRDA:16,0,1,0
BRDA:19,1,0,0
BRDA:19,1,1,17
BRDA:31,2,0,8
BRDA:31,2,1,0
BRDA:34,3,0,0
BRDA:34,3,1,8
BRDA:48,4,0,1
BRDA:48,4,1,6
BRDA:53,5,0,0
BRDA:53,5,1,6
BRDA:54,6,0,0
BRDA:54,6,1,0
BRDA:65,7,0,0
BRDA:65,7,1,6
BRDA:70,8,0,3
BRDA:70,8,1,3
BRDA:91,9,0,6
BRDA:91,9,1,0
BRDA:95,10,0,0
BRDA:95,10,1,0
BRDA:112,11,0,0
BRDA:112,11,1,3
BRDA:116,12,0,1
BRDA:116,12,1,2
BRF:26
BRH:14
end_of_record
TN:
SF:src/controllers/kofrinhoController.ts
FN:11,getDb
FN:15,getDbAsync
FN:18,(anonymous_2)
FN:19,(anonymous_3)
FN:28,runDbAsync
FN:31,(anonymous_5)
FN:32,(anonymous_6)
FN:41,allDbAsync
FN:44,(anonymous_8)
FN:45,(anonymous_9)
FN:54,runDbAsyncWithLastId
FN:57,(anonymous_11)
FN:58,(anonymous_12)
FN:64,(anonymous_13)
FN:67,createKofrinho
FN:100,listKofrinhos
FN:118,getKofrinho
FN:139,updateKofrinho
FN:178,deleteKofrinho
FNF:19
FNH:18
FNDA:52,getDb
FNDA:28,getDbAsync
FNDA:28,(anonymous_2)
FNDA:28,(anonymous_3)
FNDA:3,runDbAsync
FNDA:3,(anonymous_5)
FNDA:3,(anonymous_6)
FNDA:6,allDbAsync
FNDA:6,(anonymous_8)
FNDA:6,(anonymous_9)
FNDA:15,runDbAsyncWithLastId
FNDA:15,(anonymous_11)
FNDA:15,(anonymous_12)
FNDA:0,(anonymous_13)
FNDA:17,createKofrinho
FNDA:6,listKofrinhos
FNDA:4,getKofrinho
FNDA:4,updateKofrinho
FNDA:3,deleteKofrinho
DA:12,52
DA:16,28
DA:17,28
DA:18,28
DA:19,28
DA:20,28
DA:21,28
DA:25,0
DA:29,3
DA:30,3
DA:31,3
DA:32,3
DA:33,3
DA:34,3
DA:38,0
DA:42,6
DA:43,6
DA:44,6
DA:45,6
DA:46,6
DA:47,6
DA:51,0
DA:55,15
DA:56,15
DA:57,15
DA:58,15
DA:59,15
DA:60,15
DA:64,0
DA:68,17
DA:69,17
DA:70,17
DA:72,17
DA:73,1
DA:76,16
DA:77,1
DA:80,15
DA:85,15
DA:90,15
DA:95,0
DA:96,0
DA:101,6
DA:102,6
DA:104,6
DA:109,6
DA:113,0
DA:114,0
DA:119,4
DA:120,4
DA:121,4
DA:123,4
DA:128,4
DA:129,3
DA:132,1
DA:134,0
DA:135,0
DA:140,4
DA:141,4
DA:142,4
DA:143,4
DA:145,4
DA:150,4
DA:151,1
DA:154,3
DA:155,1
DA:158,2
DA:163,2
DA:168,2
DA:173,0
DA:174,0
DA:179,3
DA:180,3
DA:181,3
DA:183,3
DA:188,3
DA:189,2
DA:192,1
DA:194,1
DA:198,0
DA:199,0
LF:80
LH:66
BRDA:17,0,0,28
BRDA:17,0,1,0
BRDA:20,1,0,0
BRDA:20,1,1,28
BRDA:30,2,0,3
BRDA:30,2,1,0
BRDA:33,3,0,0
BRDA:33,3,1,3
BRDA:43,4,0,6
BRDA:43,4,1,0
BRDA:46,5,0,0
BRDA:46,5,1,6
BRDA:47,6,0,6
BRDA:47,6,1,0
BRDA:56,7,0,15
BRDA:56,7,1,0
BRDA:59,8,0,0
BRDA:59,8,1,15
BRDA:72,9,0,1
BRDA:72,9,1,16
BRDA:76,10,0,1
BRDA:76,10,1,15
BRDA:82,11,0,15
BRDA:82,11,1,13
BRDA:128,12,0,3
BRDA:128,12,1,1
BRDA:150,13,0,1
BRDA:150,13,1,3
BRDA:154,14,0,1
BRDA:154,14,1,2
BRDA:154,15,0,3
BRDA:154,15,1,3
BRDA:160,16,0,2
BRDA:160,16,1,0
BRDA:160,17,0,1
BRDA:160,17,1,1
BRDA:188,18,0,2
BRDA:188,18,1,1
BRF:38
BRH:28
end_of_record
TN:
SF:src/database/db.ts
FN:9,(anonymous_0)
FN:19,runAsync
FN:20,(anonymous_2)
FN:21,(anonymous_3)
FN:28,getAsync
FN:29,(anonymous_5)
FN:30,(anonymous_6)
FN:37,allAsync
FN:38,(anonymous_8)
FN:39,(anonymous_9)
FNF:10
FNH:1
FNDA:5,(anonymous_0)
FNDA:0,runAsync
FNDA:0,(anonymous_2)
FNDA:0,(anonymous_3)
FNDA:0,getAsync
FNDA:0,(anonymous_5)
FNDA:0,(anonymous_6)
FNDA:0,allAsync
FNDA:0,(anonymous_8)
FNDA:0,(anonymous_9)
DA:5,5
DA:6,5
DA:7,5
DA:9,5
DA:10,5
DA:11,0
DA:13,5
DA:17,5
DA:20,0
DA:21,0
DA:22,0
DA:23,0
DA:29,0
DA:30,0
DA:31,0
DA:32,0
DA:38,0
DA:39,0
DA:40,0
DA:41,0
LF:20
LH:7
BRDA:10,0,0,0
BRDA:10,0,1,5
BRDA:19,1,0,0
BRDA:22,2,0,0
BRDA:22,2,1,0
BRDA:28,3,0,0
BRDA:31,4,0,0
BRDA:31,4,1,0
BRDA:37,5,0,0
BRDA:40,6,0,0
BRDA:40,6,1,0
BRDA:41,7,0,0
BRDA:41,7,1,0
BRF:13
BRH:1
end_of_record
TN:
SF:src/database/init.ts
FN:3,initializeDatabase
FNF:1
FNH:0
FNDA:0,initializeDatabase
DA:4,0
DA:5,0
DA:19,0
DA:31,0
DA:36,0
DA:41,0
DA:43,0
DA:44,0
LF:8
LH:0
BRF:0
BRH:0
end_of_record
TN:
SF:src/middleware/auth.ts
FN:9,authMiddleware
FNF:1
FNH:1
FNDA:51,authMiddleware
DA:10,51
DA:12,51
DA:13,4
DA:16,47
DA:17,47
DA:19,47
DA:20,2
DA:23,45
DA:24,45
DA:25,45
LF:10
LH:10
BRDA:12,0,0,4
BRDA:12,0,1,47
BRDA:12,1,0,51
BRDA:12,1,1,48
BRDA:19,2,0,2
BRDA:19,2,1,45
BRF:6
BRH:6
end_of_record
TN:
SF:src/routes/authRoutes.ts
FNF:0
FNH:0
DA:4,0
DA:6,0
DA:7,0
DA:8,0
DA:9,0
DA:10,0
LF:6
LH:0
BRF:0
BRH:0
end_of_record
TN:
SF:src/routes/avatarRoutes.ts
FNF:0
FNH:0
DA:6,0
DA:8,0
DA:9,0
LF:3
LH:0
BRF:0
BRH:0
end_of_record
TN:
SF:src/routes/kofrinhoRoutes.ts
FNF:0
FNH:0
DA:11,0
DA:13,0
DA:15,0
DA:16,0
DA:17,0
DA:18,0
DA:19,0
LF:7
LH:0
BRF:0
BRH:0
end_of_record
TN:
SF:src/services/emailService.ts
FN:11,getTransporter
FN:49,sendEmail
FN:72,sendPasswordResetEmail
FNF:3
FNH:3
FNDA:10,getTransporter
FNDA:10,sendEmail
FNDA:10,sendPasswordResetEmail
DA:9,5
DA:12,10
DA:13,9
DA:16,1
DA:17,1
DA:23,0
DA:24,0
DA:34,0
DA:35,0
DA:46,1
DA:50,10
DA:51,10
DA:53,10
DA:60,0
DA:61,0
DA:62,0
DA:63,0
DA:67,10
DA:68,10
DA:73,10
DA:91,10
LF:21
LH:13
BRDA:12,0,0,9
BRDA:12,0,1,1
BRDA:16,1,0,1
BRDA:16,1,1,0
BRDA:23,2,0,0
BRDA:23,2,1,0
BRDA:26,3,0,0
BRDA:26,3,1,0
BRDA:28,4,0,0
BRDA:28,4,1,0
BRDA:54,5,0,10
BRDA:54,5,1,10
BRDA:60,6,0,0
BRDA:60,6,1,0
BRDA:62,7,0,0
BRDA:62,7,1,0
BRF:16
BRH:5
end_of_record
TN:
SF:src/utils/avatarUpload.ts
FN:18,ensureUploadDirExists
FN:24,validateImageFile
FN:40,getAvatarPath
FN:44,getAvatarUrl
FN:48,deleteAvatarFile
FN:57,extractFilenameFromPath
FNF:6
FNH:6
FNDA:5,ensureUploadDirExists
FNDA:10,validateImageFile
FNDA:5,getAvatarPath
FNDA:13,getAvatarUrl
FNDA:5,deleteAvatarFile
FNDA:7,extractFilenameFromPath
DA:5,5
DA:6,5
DA:8,5
DA:9,5
DA:10,5
DA:19,5
DA:20,0
DA:25,10
DA:26,0
DA:29,10
DA:30,1
DA:33,9
DA:34,1
DA:37,8
DA:41,5
DA:45,13
DA:49,5
DA:51,5
DA:52,5
DA:53,5
DA:58,7
LF:21
LH:19
BRDA:19,0,0,0
BRDA:19,0,1,5
BRDA:25,1,0,0
BRDA:25,1,1,10
BRDA:29,2,0,1
BRDA:29,2,1,9
BRDA:33,3,0,1
BRDA:33,3,1,8
BRDA:49,4,0,0
BRDA:49,4,1,5
BRDA:52,5,0,5
BRDA:52,5,1,0
BRF:12
BRH:8
end_of_record
TN:
SF:src/utils/jwt.ts
FN:7,generateAccessToken
FN:15,generateRefreshToken
FN:23,verifyAccessToken
FN:31,verifyRefreshToken
FNF:4
FNH:4
FNDA:62,generateAccessToken
FNDA:50,generateRefreshToken
FNDA:55,verifyAccessToken
FNDA:17,verifyRefreshToken
DA:4,6
DA:5,6
DA:8,62
DA:16,50
DA:24,55
DA:25,55
DA:27,7
DA:32,17
DA:33,17
DA:35,7
LF:10
LH:10
BRDA:4,0,0,6
BRDA:4,0,1,6
BRDA:5,1,0,6
BRDA:5,1,1,6
BRF:4
BRH:4
end_of_record
TN:
SF:src/utils/passwordRecovery.ts
FN:8,generateResetToken
FN:15,isResetTokenValid
FN:25,validateResetTokenFormat
FNF:3
FNH:3
FNDA:15,generateResetToken
FNDA:12,isResetTokenValid
FNDA:18,validateResetTokenFormat
DA:9,15
DA:10,15
DA:12,15
DA:16,12
DA:18,10
DA:22,10
DA:26,18
LF:7
LH:7
BRDA:16,0,0,2
BRDA:16,0,1,10
BRDA:18,1,0,8
BRDA:18,1,1,2
BRF:4
BRH:4
end_of_record
TN:
SF:src/utils/validation.ts
FN:1,isValidEmail
FN:6,isValidPassword
FN:16,getPasswordValidationErrors
FNF:3
FNH:3
FNDA:67,isValidEmail
FNDA:16,isValidPassword
FNDA:60,getPasswordValidationErrors
DA:2,67
DA:3,67
DA:7,16
DA:8,16
DA:9,16
DA:10,16
DA:11,16
DA:13,16
DA:17,60
DA:19,60
DA:20,60
DA:21,60
DA:22,60
DA:23,60
DA:24,12
DA:27,60
LF:16
LH:16
BRDA:3,0,0,67
BRDA:3,0,1,52
BRDA:13,1,0,16
BRDA:13,1,1,14
BRDA:13,1,2,13
BRDA:13,1,3,12
BRDA:13,1,4,11
BRDA:19,2,0,8
BRDA:19,2,1,52
BRDA:20,3,0,9
BRDA:20,3,1,51
BRDA:21,4,0,4
BRDA:21,4,1,56
BRDA:22,5,0,9
BRDA:22,5,1,51
BRDA:23,6,0,12
BRDA:23,6,1,48
BRF:17
BRH:17
end_of_record
