TN:
SF:src/controllers/authController.ts
FN:8,register
FN:78,login
FN:126,refreshToken
FNF:3
FNH:3
FNDA:34,register
FNDA:16,login
FNDA:10,refreshToken
DA:9,34
DA:10,34
DA:12,34
DA:13,3
DA:18,31
DA:19,1
DA:22,30
DA:23,30
DA:24,5
DA:37,25
DA:42,25
DA:43,2
DA:46,23
DA:48,23
DA:54,23
DA:59,23
DA:60,0
DA:63,23
DA:64,23
DA:66,23
DA:73,0
DA:74,0
DA:79,16
DA:80,16
DA:82,16
DA:83,2
DA:88,14
DA:93,14
DA:94,2
DA:97,12
DA:99,12
DA:100,2
DA:103,10
DA:104,10
DA:106,10
DA:114,10
DA:121,0
DA:122,0
DA:127,10
DA:128,10
DA:130,10
DA:131,1
DA:134,9
DA:135,9
DA:136,2
DA:139,7
DA:144,7
DA:145,0
DA:148,7
DA:150,7
DA:155,0
DA:156,0
LF:52
LH:44
BRDA:12,0,0,3
BRDA:12,0,1,31
BRDA:12,1,0,34
BRDA:12,1,1,33
BRDA:12,1,2,32
BRDA:18,2,0,1
BRDA:18,2,1,30
BRDA:23,3,0,5
BRDA:23,3,1,25
BRDA:42,4,0,2
BRDA:42,4,1,23
BRDA:59,5,0,0
BRDA:59,5,1,23
BRDA:82,6,0,2
BRDA:82,6,1,14
BRDA:82,7,0,16
BRDA:82,7,1,15
BRDA:93,8,0,2
BRDA:93,8,1,12
BRDA:97,9,0,12
BRDA:97,9,1,0
BRDA:99,10,0,2
BRDA:99,10,1,10
BRDA:130,11,0,1
BRDA:130,11,1,9
BRDA:135,12,0,2
BRDA:135,12,1,7
BRDA:144,13,0,0
BRDA:144,13,1,7
BRF:29
BRH:26
end_of_record
TN:
SF:src/database/db.ts
FN:9,(anonymous_0)
FN:19,runAsync
FN:20,(anonymous_2)
FN:21,(anonymous_3)
FN:28,getAsync
FN:29,(anonymous_5)
FN:30,(anonymous_6)
FN:37,allAsync
FN:38,(anonymous_8)
FN:39,(anonymous_9)
FNF:10
FNH:7
FNDA:2,(anonymous_0)
FNDA:23,runAsync
FNDA:23,(anonymous_2)
FNDA:23,(anonymous_3)
FNDA:69,getAsync
FNDA:69,(anonymous_5)
FNDA:69,(anonymous_6)
FNDA:0,allAsync
FNDA:0,(anonymous_8)
FNDA:0,(anonymous_9)
DA:5,2
DA:6,2
DA:7,2
DA:9,2
DA:10,2
DA:11,0
DA:13,2
DA:17,2
DA:20,23
DA:21,23
DA:22,23
DA:23,23
DA:29,69
DA:30,69
DA:31,69
DA:32,69
DA:38,0
DA:39,0
DA:40,0
DA:41,0
LF:20
LH:15
BRDA:10,0,0,0
BRDA:10,0,1,2
BRDA:19,1,0,0
BRDA:22,2,0,0
BRDA:22,2,1,23
BRDA:28,3,0,0
BRDA:31,4,0,0
BRDA:31,4,1,69
BRDA:37,5,0,0
BRDA:40,6,0,0
BRDA:40,6,1,0
BRDA:41,7,0,0
BRDA:41,7,1,0
BRF:13
BRH:3
end_of_record
TN:
SF:src/database/init.ts
FN:3,initializeDatabase
FNF:1
FNH:0
FNDA:0,initializeDatabase
DA:4,0
DA:5,0
DA:19,0
DA:31,0
DA:36,0
DA:41,0
DA:43,0
DA:44,0
LF:8
LH:0
BRF:0
BRH:0
end_of_record
TN:
SF:src/routes/authRoutes.ts
FNF:0
FNH:0
DA:4,0
DA:6,0
DA:7,0
DA:8,0
LF:4
LH:0
BRF:0
BRH:0
end_of_record
TN:
SF:src/utils/jwt.ts
FN:7,generateAccessToken
FN:15,generateRefreshToken
FN:23,verifyAccessToken
FN:31,verifyRefreshToken
FNF:4
FNH:4
FNDA:53,generateAccessToken
FNDA:43,generateRefreshToken
FNDA:8,verifyAccessToken
FNDA:17,verifyRefreshToken
DA:4,3
DA:5,3
DA:8,53
DA:16,43
DA:24,8
DA:25,8
DA:27,5
DA:32,17
DA:33,17
DA:35,7
LF:10
LH:10
BRDA:4,0,0,3
BRDA:4,0,1,3
BRDA:5,1,0,3
BRDA:5,1,1,3
BRF:4
BRH:4
end_of_record
TN:
SF:src/utils/validation.ts
FN:1,isValidEmail
FN:6,isValidPassword
FN:16,getPasswordValidationErrors
FNF:3
FNH:3
FNDA:49,isValidEmail
FNDA:16,isValidPassword
FNDA:45,getPasswordValidationErrors
DA:2,49
DA:3,49
DA:7,16
DA:8,16
DA:9,16
DA:10,16
DA:11,16
DA:13,16
DA:17,45
DA:19,45
DA:20,45
DA:21,45
DA:22,45
DA:23,45
DA:24,11
DA:27,45
LF:16
LH:16
BRDA:3,0,0,49
BRDA:3,0,1,35
BRDA:13,1,0,16
BRDA:13,1,1,14
BRDA:13,1,2,13
BRDA:13,1,3,12
BRDA:13,1,4,11
BRDA:19,2,0,7
BRDA:19,2,1,38
BRDA:20,3,0,8
BRDA:20,3,1,37
BRDA:21,4,0,4
BRDA:21,4,1,41
BRDA:22,5,0,8
BRDA:22,5,1,37
BRDA:23,6,0,11
BRDA:23,6,1,34
BRF:17
BRH:17
end_of_record
